  ConsoleApplication1.cpp
c:\users\梁晨迪\source\repos\consoleapplication1\consoleapplication1\consoleapplication1.cpp(16): warning C4305: “初始化”: 从“double”到“float”截断
c:\users\梁晨迪\source\repos\consoleapplication1\consoleapplication1\consoleapplication1.cpp(17): warning C4305: “初始化”: 从“double”到“float”截断
c:\users\梁晨迪\source\repos\consoleapplication1\consoleapplication1\consoleapplication1.cpp(21): warning C4305: “初始化”: 从“double”到“float”截断
c:\users\梁晨迪\source\repos\consoleapplication1\consoleapplication1\consoleapplication1.cpp(22): warning C4305: “初始化”: 从“double”到“float”截断
c:\users\梁晨迪\source\repos\consoleapplication1\consoleapplication1\consoleapplication1.cpp(23): warning C4305: “初始化”: 从“double”到“_Tp”截断
          with
          [
              _Tp=float
          ]
c:\users\梁晨迪\source\repos\consoleapplication1\consoleapplication1\consoleapplication1.cpp(25): warning C4305: “初始化”: 从“double”到“float”截断
c:\users\梁晨迪\source\repos\consoleapplication1\consoleapplication1\consoleapplication1.cpp(161): warning C4305: “=”: 从“double”到“_Tp”截断
          with
          [
              _Tp=float
          ]
c:\users\梁晨迪\source\repos\consoleapplication1\consoleapplication1\consoleapplication1.cpp(280): warning C4244: “=”: 从“int”转换到“_Tp”，可能丢失数据
          with
          [
              _Tp=float
          ]
c:\users\梁晨迪\source\repos\consoleapplication1\consoleapplication1\consoleapplication1.cpp(281): warning C4244: “=”: 从“int”转换到“_Tp”，可能丢失数据
          with
          [
              _Tp=float
          ]
  ConsoleApplication1.vcxproj -> C:\Users\梁晨迪\source\repos\ConsoleApplication1\x64\Debug\ConsoleApplication1.exe
